-------------------------------------------------------------------------------
Test set: pl.edu.pw.ee.HashLinearProbingTest
-------------------------------------------------------------------------------
Tests run: 1, Failures: 0, Errors: 1, Skipped: 0, Time elapsed: 0.076 s <<< FAILURE! - in pl.edu.pw.ee.HashLinearProbingTest
hashWhenSizeIsZero  Time elapsed: 0.053 s  <<< ERROR!
java.lang.IllegalArgumentException: Initial size of hash table cannot be lower than 1!
	at pl.edu.pw.ee.HashLinearProbingTest.hashWhenSizeIsZero(HashLinearProbingTest.java:59)

